2025-03-20 20:12:09,907 INFO: Camera opened successfully on index 0.
2025-03-20 20:12:09,908 INFO: Starting main loop. Press 'q' in the display window to quit.
2025-03-20 20:12:27,325 INFO: Angle: -18.118401 deg
2025-03-20 20:12:27,682 INFO: Angle: 80.770111 deg
2025-03-20 20:12:27,791 INFO: Angle: 80.498802 deg
2025-03-20 20:12:27,896 INFO: Angle: 81.362862 deg
2025-03-20 20:12:27,990 INFO: Angle: 80.965820 deg
2025-03-20 20:12:28,088 INFO: Angle: 81.002846 deg
2025-03-20 20:12:28,191 INFO: Angle: 80.732162 deg
2025-03-20 20:12:28,287 INFO: Angle: 81.199799 deg
2025-03-20 20:12:28,403 INFO: Angle: 81.163406 deg
2025-03-20 20:12:28,509 INFO: Angle: 81.163406 deg
2025-03-20 20:12:28,613 INFO: Angle: 80.852913 deg
2025-03-20 20:12:28,723 INFO: Angle: 81.326820 deg
2025-03-20 20:12:28,821 INFO: Angle: 82.845474 deg
2025-03-20 20:12:28,923 INFO: Angle: 81.732819 deg
2025-03-20 20:12:29,031 INFO: Angle: 81.253830 deg
2025-03-20 20:12:29,134 INFO: Angle: 82.212975 deg
2025-03-20 20:12:29,243 INFO: Angle: 81.801926 deg
2025-03-20 20:12:29,347 INFO: Angle: 81.732819 deg
2025-03-20 20:12:29,450 INFO: Angle: 81.767517 deg
2025-03-20 20:12:29,699 INFO: Angle: 82.694237 deg
2025-03-20 20:12:29,811 INFO: Angle: 83.550461 deg
2025-03-20 20:12:29,937 INFO: Angle: 83.361809 deg
2025-03-20 20:12:30,049 INFO: Angle: 83.849609 deg
2025-03-20 20:12:30,160 INFO: Angle: 83.901787 deg
2025-03-20 20:12:30,263 INFO: Angle: 84.338310 deg
2025-03-20 20:12:30,362 INFO: Angle: 83.578148 deg
2025-03-20 20:12:30,455 INFO: Angle: 83.418053 deg
2025-03-20 20:12:30,550 INFO: Angle: 83.550461 deg
2025-03-20 20:12:30,669 INFO: Angle: 83.875809 deg
2025-03-20 20:12:30,774 INFO: Angle: 83.361809 deg
2025-03-20 20:12:30,905 INFO: Angle: 83.578148 deg
2025-03-20 20:12:31,044 INFO: Angle: 82.923012 deg
2025-03-20 20:12:31,152 INFO: Angle: 83.118279 deg
2025-03-20 20:12:31,305 INFO: Angle: 83.059006 deg
2025-03-20 20:12:31,409 INFO: Angle: 82.536499 deg
2025-03-20 20:12:31,517 INFO: Angle: 83.715210 deg
2025-03-20 20:12:31,624 INFO: Angle: 82.015129 deg
2025-03-20 20:12:31,743 INFO: Angle: 80.367279 deg
2025-03-20 20:12:31,855 INFO: Angle: 81.095177 deg
2025-03-20 20:12:32,137 INFO: Angle: 81.232414 deg
2025-03-20 20:12:32,302 INFO: Angle: 80.781067 deg
2025-03-20 20:12:32,405 INFO: Angle: 81.469231 deg
2025-03-20 20:12:32,508 INFO: Angle: 80.537674 deg
2025-03-20 20:12:32,622 INFO: Angle: 80.164001 deg
2025-03-20 20:12:32,724 INFO: Angle: 81.935760 deg
2025-03-20 20:12:32,882 INFO: Angle: 80.942108 deg
2025-03-20 20:12:32,982 INFO: Angle: 81.329567 deg
2025-03-20 20:12:33,087 INFO: Angle: 82.255882 deg
2025-03-20 20:12:33,188 INFO: Angle: 81.581512 deg
2025-03-20 20:12:33,294 INFO: Angle: 81.541084 deg
2025-03-20 20:12:33,402 INFO: Angle: 81.783936 deg
2025-03-20 20:12:33,508 INFO: Angle: 81.205383 deg
2025-03-20 20:12:33,606 INFO: Angle: 81.195999 deg
2025-03-20 20:12:33,701 INFO: Angle: 81.408775 deg
2025-03-20 20:12:33,807 INFO: Angle: 81.901474 deg
2025-03-20 20:12:33,910 INFO: Angle: 81.352112 deg
2025-03-20 20:12:34,011 INFO: Angle: 81.222824 deg
2025-03-20 20:12:34,112 INFO: Angle: 81.148338 deg
2025-03-20 20:12:34,219 INFO: Angle: 81.738853 deg
2025-03-20 20:12:34,317 INFO: Angle: 81.809097 deg
2025-03-20 20:12:34,429 INFO: Angle: 81.426842 deg
2025-03-20 20:12:34,537 INFO: Angle: 81.605446 deg
2025-03-20 20:12:34,647 INFO: Angle: 82.152580 deg
2025-03-20 20:12:34,743 INFO: Angle: 81.970894 deg
2025-03-20 20:12:34,896 INFO: Angle: 81.922684 deg
2025-03-20 20:12:34,995 INFO: Angle: 81.368431 deg
2025-03-20 20:12:35,091 INFO: Angle: 81.644447 deg
2025-03-20 20:12:35,193 INFO: Angle: 81.976128 deg
2025-03-20 20:12:35,294 INFO: Angle: 81.740562 deg
2025-03-20 20:12:35,393 INFO: Angle: 81.531898 deg
2025-03-20 20:12:35,490 INFO: Angle: 81.366577 deg
2025-03-20 20:12:35,592 INFO: Angle: 81.229256 deg
2025-03-20 20:12:35,695 INFO: Angle: 80.804871 deg
2025-03-20 20:12:35,793 INFO: Angle: 81.276619 deg
2025-03-20 20:12:35,892 INFO: Angle: 81.634109 deg
2025-03-20 20:12:35,998 INFO: Angle: 81.869896 deg
2025-03-20 20:12:36,092 INFO: Angle: -15.405839 deg
2025-03-20 20:12:36,475 INFO: Angle: -97.125015 deg
2025-03-20 20:12:36,606 INFO: Angle: 82.945168 deg
2025-03-20 20:12:36,711 INFO: Angle: 82.714684 deg
2025-03-20 20:12:36,807 INFO: Angle: 82.495895 deg
2025-03-20 20:12:36,903 INFO: Angle: 82.095482 deg
2025-03-20 20:12:36,995 INFO: Angle: 82.064018 deg
2025-03-20 20:12:37,190 INFO: Angle: -169.577133 deg
2025-03-20 20:12:39,536 INFO: Angle: -94.139183 deg
2025-03-20 20:12:40,515 INFO: Angle: -11.029531 deg
2025-03-20 20:12:41,162 INFO: Angle: -130.962280 deg
2025-03-20 20:12:41,391 INFO: Angle: -90.450089 deg
2025-03-20 20:12:41,489 INFO: Angle: 170.536316 deg
2025-03-20 20:12:41,593 INFO: Angle: 172.149765 deg
2025-03-20 20:12:41,936 INFO: Angle: 172.697845 deg
2025-03-20 20:12:42,100 INFO: Angle: 173.419815 deg
2025-03-20 20:12:42,202 INFO: Angle: 173.013290 deg
2025-03-20 20:12:42,310 INFO: Angle: 172.965424 deg
2025-03-20 20:12:42,441 INFO: Angle: 173.131210 deg
2025-03-20 20:12:42,546 INFO: Angle: 173.143738 deg
2025-03-20 20:12:42,664 INFO: Angle: 172.739960 deg
2025-03-20 20:12:42,765 INFO: Angle: 172.544312 deg
2025-03-20 20:12:42,871 INFO: Angle: 173.283722 deg
2025-03-20 20:12:42,977 INFO: Angle: 173.322586 deg
2025-03-20 20:12:43,080 INFO: Angle: 173.290161 deg
2025-03-20 20:12:43,188 INFO: Angle: 172.860352 deg
2025-03-20 20:12:43,311 INFO: Angle: 173.047028 deg
2025-03-20 20:12:43,447 INFO: Angle: 173.518784 deg
2025-03-20 20:12:43,579 INFO: Angle: 173.257416 deg
2025-03-20 20:12:43,739 INFO: Angle: 173.099335 deg
2025-03-20 20:12:43,852 INFO: Angle: 173.183380 deg
2025-03-20 20:12:43,951 INFO: Angle: 173.185318 deg
2025-03-20 20:12:44,047 INFO: Angle: 174.068359 deg
2025-03-20 20:12:44,149 INFO: Angle: 173.567566 deg
2025-03-20 20:12:44,264 INFO: Angle: 172.914536 deg
2025-03-20 20:12:44,365 INFO: Angle: 173.224335 deg
2025-03-20 20:12:44,463 INFO: Angle: 173.224335 deg
2025-03-20 20:12:44,569 INFO: Angle: 173.414078 deg
2025-03-20 20:12:44,689 INFO: Angle: 173.158478 deg
2025-03-20 20:12:44,796 INFO: Angle: 173.257416 deg
2025-03-20 20:12:44,912 INFO: Angle: 173.181458 deg
2025-03-20 20:12:45,013 INFO: Angle: 173.162979 deg
2025-03-20 20:12:45,104 INFO: Angle: 173.095901 deg
2025-03-20 20:12:45,196 INFO: Angle: 173.109268 deg
2025-03-20 20:12:45,303 INFO: Angle: 173.273102 deg
2025-03-20 20:12:45,403 INFO: Angle: 173.116837 deg
2025-03-20 20:12:45,509 INFO: Angle: 173.183884 deg
2025-03-20 20:12:45,610 INFO: Angle: 173.133560 deg
2025-03-20 20:12:45,708 INFO: Angle: 172.830887 deg
2025-03-20 20:12:45,808 INFO: Angle: 172.701355 deg
2025-03-20 20:12:45,902 INFO: Angle: 173.171448 deg
2025-03-20 20:12:45,999 INFO: Angle: 172.944809 deg
2025-03-20 20:12:46,094 INFO: Angle: 173.482590 deg
2025-03-20 20:12:46,189 INFO: Angle: 172.771805 deg
2025-03-20 20:12:46,283 INFO: Angle: 173.279465 deg
2025-03-20 20:12:46,393 INFO: Angle: 172.902588 deg
2025-03-20 20:12:46,489 INFO: Angle: 172.684464 deg
2025-03-20 20:12:46,590 INFO: Angle: 172.635254 deg
2025-03-20 20:12:46,695 INFO: Angle: 172.771805 deg
2025-03-20 20:12:46,794 INFO: Angle: 172.606033 deg
2025-03-20 20:12:46,886 INFO: Angle: 173.025848 deg
2025-03-20 20:12:46,983 INFO: Angle: 173.628723 deg
2025-03-20 20:12:47,081 INFO: Angle: 173.047028 deg
2025-03-20 20:12:47,184 INFO: Angle: 173.124390 deg
2025-03-20 20:12:47,288 INFO: Angle: 173.290161 deg
2025-03-20 20:12:47,386 INFO: Angle: 173.127289 deg
2025-03-20 20:12:47,480 INFO: Angle: 173.559479 deg
2025-03-20 20:12:47,579 INFO: Angle: 173.510666 deg
2025-03-20 20:12:47,676 INFO: Angle: 173.200180 deg
2025-03-20 20:12:47,778 INFO: Angle: 173.234863 deg
2025-03-20 20:12:47,885 INFO: Angle: 172.709427 deg
2025-03-20 20:12:47,982 INFO: Angle: 173.805527 deg
2025-03-20 20:12:48,078 INFO: Angle: 173.779709 deg
2025-03-20 20:12:48,170 INFO: Angle: 172.676422 deg
2025-03-20 20:12:48,263 INFO: Angle: 172.748932 deg
2025-03-20 20:12:48,365 INFO: Angle: 173.438202 deg
2025-03-20 20:12:48,471 INFO: Angle: 174.137558 deg
2025-03-20 20:12:48,623 INFO: Angle: 173.861572 deg
2025-03-20 20:12:48,724 INFO: Angle: 175.631989 deg
2025-03-20 20:12:48,820 INFO: Angle: 174.367828 deg
2025-03-20 20:12:48,916 INFO: Angle: 174.089417 deg
2025-03-20 20:12:49,012 INFO: Angle: 174.422882 deg
2025-03-20 20:12:49,113 INFO: Angle: 174.234848 deg
2025-03-20 20:12:49,223 INFO: Angle: 174.175461 deg
2025-03-20 20:12:49,374 INFO: Angle: 174.064041 deg
2025-03-20 20:12:49,529 INFO: Angle: 174.481293 deg
2025-03-20 20:12:49,660 INFO: Angle: 174.787598 deg
2025-03-20 20:12:49,764 INFO: Angle: 175.157791 deg
2025-03-20 20:12:49,878 INFO: Angle: 175.229248 deg
2025-03-20 20:12:49,980 INFO: Angle: 175.875229 deg
2025-03-20 20:12:50,088 INFO: Angle: 177.095230 deg
2025-03-20 20:12:50,207 INFO: Angle: 177.273682 deg
2025-03-20 20:12:50,309 INFO: Angle: 177.534225 deg
2025-03-20 20:12:50,414 INFO: Angle: 178.090836 deg
2025-03-20 20:12:50,519 INFO: Angle: 178.025620 deg
2025-03-20 20:12:50,618 INFO: Angle: 177.818344 deg
2025-03-20 20:12:50,728 INFO: Angle: 177.819534 deg
2025-03-20 20:12:50,824 INFO: Angle: 178.003464 deg
2025-03-20 20:12:50,920 INFO: Angle: 177.766830 deg
2025-03-20 20:12:51,020 INFO: Angle: 177.464676 deg
2025-03-20 20:12:51,118 INFO: Angle: 177.756836 deg
2025-03-20 20:12:51,216 INFO: Angle: 178.018860 deg
2025-03-20 20:12:51,318 INFO: Angle: 177.495773 deg
2025-03-20 20:12:51,419 INFO: Angle: 177.473694 deg
2025-03-20 20:12:51,517 INFO: Angle: 177.804535 deg
2025-03-20 20:12:51,615 INFO: Angle: 177.510437 deg
2025-03-20 20:12:51,719 INFO: Angle: 177.137268 deg
2025-03-20 20:12:51,815 INFO: Angle: 177.311554 deg
2025-03-20 20:12:51,915 INFO: Angle: 177.501556 deg
2025-03-20 20:12:52,015 INFO: Angle: 177.337723 deg
2025-03-20 20:12:52,116 INFO: Angle: 177.498367 deg
2025-03-20 20:12:52,221 INFO: Angle: 176.829086 deg
2025-03-20 20:12:52,317 INFO: Angle: 177.510437 deg
2025-03-20 20:12:52,408 INFO: Angle: 177.797394 deg
2025-03-20 20:12:52,511 INFO: Angle: 177.535416 deg
2025-03-20 20:12:52,623 INFO: Angle: 177.709381 deg
2025-03-20 20:12:52,714 INFO: Angle: 177.420563 deg
2025-03-20 20:12:52,810 INFO: Angle: 177.498367 deg
2025-03-20 20:12:52,907 INFO: Angle: 177.486191 deg
2025-03-20 20:12:53,010 INFO: Angle: 177.473877 deg
2025-03-20 20:12:53,105 INFO: Angle: 177.769104 deg
2025-03-20 20:12:53,206 INFO: Angle: 177.983368 deg
2025-03-20 20:12:53,297 INFO: Angle: 177.410553 deg
2025-03-20 20:12:53,395 INFO: Angle: 178.019348 deg
2025-03-20 20:12:53,493 INFO: Angle: 177.734436 deg
2025-03-20 20:12:53,589 INFO: Angle: 177.735229 deg
2025-03-20 20:12:53,689 INFO: Angle: 177.743195 deg
2025-03-20 20:12:53,782 INFO: Angle: 177.473877 deg
2025-03-20 20:12:53,875 INFO: Angle: 177.666840 deg
2025-03-20 20:12:53,966 INFO: Angle: 177.743103 deg
2025-03-20 20:12:54,064 INFO: Angle: 177.674530 deg
2025-03-20 20:12:54,160 INFO: Angle: 177.765198 deg
2025-03-20 20:12:54,255 INFO: Angle: 177.448288 deg
2025-03-20 20:12:54,362 INFO: Angle: 177.455307 deg
2025-03-20 20:12:54,465 INFO: Angle: 177.372070 deg
2025-03-20 20:12:54,569 INFO: Angle: 177.444656 deg
2025-03-20 20:12:54,668 INFO: Angle: 177.336990 deg
2025-03-20 20:12:54,759 INFO: Angle: 177.597382 deg
2025-03-20 20:12:54,853 INFO: Angle: 177.754242 deg
2025-03-20 20:12:54,951 INFO: Angle: 177.746307 deg
2025-03-20 20:12:55,045 INFO: Angle: 177.398254 deg
2025-03-20 20:12:55,141 INFO: Angle: 177.143448 deg
2025-03-20 20:12:55,234 INFO: Angle: 177.179825 deg
2025-03-20 20:12:55,328 INFO: Angle: 177.113022 deg
2025-03-20 20:12:55,424 INFO: Angle: 177.780792 deg
2025-03-20 20:12:55,517 INFO: Angle: 177.444504 deg
2025-03-20 20:12:55,617 INFO: Angle: 177.735550 deg
2025-03-20 20:12:55,722 INFO: Angle: 177.732025 deg
2025-03-20 20:12:55,817 INFO: Angle: 177.443771 deg
2025-03-20 20:12:55,914 INFO: Angle: 177.132843 deg
2025-03-20 20:12:56,014 INFO: Angle: 177.419373 deg
2025-03-20 20:12:56,118 INFO: Angle: 177.438339 deg
2025-03-20 20:12:56,225 INFO: Angle: 177.486191 deg
2025-03-20 20:12:56,377 INFO: Angle: 176.790985 deg
2025-03-20 20:12:56,497 INFO: Angle: 177.249161 deg
2025-03-20 20:12:56,625 INFO: Angle: 177.185699 deg
2025-03-20 20:12:56,732 INFO: Angle: 177.211044 deg
2025-03-20 20:12:56,822 INFO: Angle: 178.055771 deg
2025-03-20 20:12:56,923 INFO: Angle: 176.666138 deg
2025-03-20 20:12:57,018 INFO: Angle: 175.875229 deg
2025-03-20 20:12:57,117 INFO: Angle: 176.039368 deg
2025-03-20 20:12:57,215 INFO: Angle: 175.855362 deg
2025-03-20 20:12:57,309 INFO: Angle: 176.472519 deg
2025-03-20 20:12:57,403 INFO: Angle: 176.671936 deg
2025-03-20 20:12:57,495 INFO: Angle: 176.288712 deg
2025-03-20 20:12:57,591 INFO: Angle: 176.060837 deg
2025-03-20 20:12:57,686 INFO: Angle: 176.506989 deg
2025-03-20 20:12:57,787 INFO: Angle: 176.325150 deg
2025-03-20 20:12:57,877 INFO: Angle: 176.386368 deg
2025-03-20 20:12:57,978 INFO: Angle: 176.092773 deg
2025-03-20 20:12:58,073 INFO: Angle: 176.296509 deg
2025-03-20 20:12:58,166 INFO: Angle: 176.081741 deg
2025-03-20 20:12:58,258 INFO: Angle: 176.347763 deg
2025-03-20 20:12:58,358 INFO: Angle: 176.081741 deg
2025-03-20 20:12:58,460 INFO: Angle: 175.816818 deg
2025-03-20 20:12:58,550 INFO: Angle: 175.818588 deg
2025-03-20 20:12:58,659 INFO: Angle: 176.698135 deg
2025-03-20 20:12:58,763 INFO: Angle: 176.063080 deg
2025-03-20 20:12:58,859 INFO: Angle: 175.817932 deg
2025-03-20 20:12:58,954 INFO: Angle: 176.423660 deg
2025-03-20 20:12:59,061 INFO: Angle: 176.066711 deg
2025-03-20 20:12:59,153 INFO: Angle: 176.112076 deg
2025-03-20 20:12:59,247 INFO: Angle: 176.130798 deg
2025-03-20 20:12:59,343 INFO: Angle: 176.713882 deg
2025-03-20 20:12:59,447 INFO: Angle: 176.378220 deg
2025-03-20 20:12:59,545 INFO: Angle: 176.112076 deg
2025-03-20 20:12:59,642 INFO: Angle: 176.423660 deg
2025-03-20 20:12:59,736 INFO: Angle: 176.332352 deg
2025-03-20 20:12:59,833 INFO: Angle: 176.017349 deg
2025-03-20 20:12:59,926 INFO: Angle: 176.112076 deg
2025-03-20 20:13:00,024 INFO: Angle: 175.835312 deg
2025-03-20 20:13:00,119 INFO: Angle: 175.789948 deg
2025-03-20 20:13:00,215 INFO: Angle: 176.130798 deg
2025-03-20 20:13:00,322 INFO: Angle: 176.065369 deg
2025-03-20 20:13:00,420 INFO: Angle: 175.821976 deg
2025-03-20 20:13:00,517 INFO: Angle: 175.855362 deg
2025-03-20 20:13:00,616 INFO: Angle: 175.580124 deg
2025-03-20 20:13:00,716 INFO: Angle: 175.580124 deg
2025-03-20 20:13:00,815 INFO: Angle: 176.517029 deg
2025-03-20 20:13:00,906 INFO: Angle: 175.502426 deg
2025-03-20 20:13:00,997 INFO: Angle: 175.530197 deg
2025-03-20 20:13:01,089 INFO: Angle: 176.589401 deg
2025-03-20 20:13:01,182 INFO: Angle: 175.914368 deg
2025-03-20 20:13:01,277 INFO: Angle: 176.054184 deg
2025-03-20 20:13:01,370 INFO: Angle: 175.626480 deg
2025-03-20 20:13:01,464 INFO: Angle: 175.875229 deg
2025-03-20 20:13:01,561 INFO: Angle: 175.701508 deg
2025-03-20 20:13:01,655 INFO: Angle: 175.916321 deg
2025-03-20 20:13:01,748 INFO: Angle: 176.127716 deg
2025-03-20 20:13:01,847 INFO: Angle: 176.480637 deg
2025-03-20 20:13:01,954 INFO: Angle: 176.295639 deg
2025-03-20 20:13:02,059 INFO: Angle: 175.875229 deg
2025-03-20 20:13:02,157 INFO: Angle: 176.086990 deg
2025-03-20 20:13:02,259 INFO: Angle: 177.204559 deg
2025-03-20 20:13:02,352 INFO: Angle: 177.045349 deg
2025-03-20 20:13:02,445 INFO: Angle: 176.682205 deg
2025-03-20 20:13:02,588 INFO: Angle: 177.503311 deg
2025-03-20 20:13:02,707 INFO: Angle: 177.247513 deg
2025-03-20 20:13:02,851 INFO: Angle: 178.442413 deg
2025-03-20 20:13:02,987 INFO: Angle: 178.319519 deg
2025-03-20 20:13:03,080 INFO: Angle: 178.615875 deg
2025-03-20 20:13:03,174 INFO: Angle: 178.754623 deg
2025-03-20 20:13:03,275 INFO: Angle: 178.622940 deg
2025-03-20 20:13:03,377 INFO: Angle: 178.328430 deg
2025-03-20 20:13:03,476 INFO: Angle: 179.340561 deg
2025-03-20 20:13:03,571 INFO: Angle: 178.299393 deg
2025-03-20 20:13:03,662 INFO: Angle: 178.244614 deg
2025-03-20 20:13:03,772 INFO: Angle: 178.602676 deg
2025-03-20 20:13:03,864 INFO: Angle: 178.004028 deg
2025-03-20 20:13:03,959 INFO: Angle: 178.366547 deg
2025-03-20 20:13:04,066 INFO: Angle: 178.561035 deg
2025-03-20 20:13:04,159 INFO: Angle: 178.355591 deg
2025-03-20 20:13:04,251 INFO: Angle: 178.854233 deg
2025-03-20 20:13:04,351 INFO: Angle: 178.890198 deg
2025-03-20 20:13:04,458 INFO: Angle: 178.603439 deg
2025-03-20 20:13:04,555 INFO: Angle: 178.603378 deg
2025-03-20 20:13:04,667 INFO: Angle: 178.736053 deg
2025-03-20 20:13:04,767 INFO: Angle: 179.151840 deg
2025-03-20 20:13:04,867 INFO: Angle: 178.322479 deg
2025-03-20 20:13:04,968 INFO: Angle: 179.100128 deg
2025-03-20 20:13:05,069 INFO: Angle: 179.808746 deg
2025-03-20 20:13:05,161 INFO: Angle: 179.332352 deg
2025-03-20 20:13:05,252 INFO: Angle: 180.000000 deg
2025-03-20 20:13:05,344 INFO: Angle: 178.898270 deg
2025-03-20 20:13:05,435 INFO: Angle: 178.887711 deg
2025-03-20 20:13:05,531 INFO: Angle: 178.880463 deg
2025-03-20 20:13:05,626 INFO: Angle: 179.799347 deg
2025-03-20 20:13:05,722 INFO: Angle: 180.000000 deg
2025-03-20 20:13:05,819 INFO: Angle: 179.800430 deg
2025-03-20 20:13:05,922 INFO: Angle: 180.000000 deg
2025-03-20 20:13:06,027 INFO: Angle: 179.724533 deg
2025-03-20 20:13:06,115 INFO: Angle: 178.616302 deg
2025-03-20 20:13:06,212 INFO: Angle: -179.914886 deg
2025-03-20 20:13:06,308 INFO: Angle: 179.909393 deg
2025-03-20 20:13:06,403 INFO: Angle: 179.817062 deg
2025-03-20 20:13:06,494 INFO: Angle: 178.339706 deg
2025-03-20 20:13:06,591 INFO: Angle: 179.166519 deg
2025-03-20 20:13:06,696 INFO: Angle: 178.616302 deg
2025-03-20 20:13:06,794 INFO: Angle: 178.616302 deg
2025-03-20 20:13:06,899 INFO: Angle: 178.876892 deg
2025-03-20 20:13:06,991 INFO: Angle: 178.977203 deg
2025-03-20 20:13:07,087 INFO: Angle: 179.540024 deg
2025-03-20 20:13:07,181 INFO: Angle: 178.912521 deg
2025-03-20 20:13:07,278 INFO: Angle: 179.193680 deg
2025-03-20 20:13:07,385 INFO: Angle: 179.703918 deg
2025-03-20 20:13:07,475 INFO: Angle: 179.193481 deg
2025-03-20 20:13:07,567 INFO: Angle: 179.707657 deg
2025-03-20 20:13:07,660 INFO: Angle: 179.485962 deg
2025-03-20 20:13:07,750 INFO: Angle: 178.616302 deg
2025-03-20 20:13:07,847 INFO: Angle: 178.337860 deg
2025-03-20 20:13:07,942 INFO: Angle: 179.495682 deg
2025-03-20 20:13:08,033 INFO: Angle: 178.842484 deg
2025-03-20 20:13:08,139 INFO: Angle: 179.215164 deg
2025-03-20 20:13:08,232 INFO: Angle: 179.724533 deg
2025-03-20 20:13:08,329 INFO: Angle: 178.888565 deg
2025-03-20 20:13:08,434 INFO: Angle: 179.160965 deg
2025-03-20 20:13:08,528 INFO: Angle: 178.970932 deg
2025-03-20 20:13:08,630 INFO: Angle: 179.736786 deg
2025-03-20 20:13:08,725 INFO: Angle: 178.903519 deg
2025-03-20 20:13:08,818 INFO: Angle: 178.880188 deg
2025-03-20 20:13:08,923 INFO: Angle: 179.416580 deg
2025-03-20 20:13:09,059 INFO: Angle: 178.616302 deg
2025-03-20 20:13:09,206 INFO: Angle: 178.327118 deg
2025-03-20 20:13:09,346 INFO: Angle: 178.616302 deg
2025-03-20 20:13:09,453 INFO: Angle: 178.622940 deg
2025-03-20 20:13:09,550 INFO: Angle: 178.885452 deg
2025-03-20 20:13:09,645 INFO: Angle: -179.905350 deg
2025-03-20 20:13:09,748 INFO: Angle: 179.857498 deg
2025-03-20 20:13:09,848 INFO: Angle: 179.469482 deg
2025-03-20 20:13:09,948 INFO: Angle: 179.265457 deg
2025-03-20 20:13:10,048 INFO: Angle: 179.204285 deg
2025-03-20 20:13:10,138 INFO: Angle: 179.325958 deg
2025-03-20 20:13:10,232 INFO: Angle: 179.446426 deg
2025-03-20 20:13:10,328 INFO: Angle: 179.274765 deg
2025-03-20 20:13:10,426 INFO: Angle: 179.165649 deg
2025-03-20 20:13:10,520 INFO: Angle: 179.261932 deg
2025-03-20 20:13:10,617 INFO: Angle: 179.772263 deg
2025-03-20 20:13:10,713 INFO: Angle: 179.824265 deg
2025-03-20 20:13:10,809 INFO: Angle: 178.947662 deg
2025-03-20 20:13:10,903 INFO: Angle: 178.737259 deg
2025-03-20 20:13:11,001 INFO: Angle: 178.898285 deg
2025-03-20 20:13:11,105 INFO: Angle: 178.561951 deg
2025-03-20 20:13:11,196 INFO: Angle: 178.892960 deg
2025-03-20 20:13:11,293 INFO: Angle: 178.565277 deg
2025-03-20 20:13:11,392 INFO: Angle: 178.041000 deg
2025-03-20 20:13:11,489 INFO: Angle: 178.063187 deg
2025-03-20 20:13:11,589 INFO: Angle: 178.714783 deg
2025-03-20 20:13:11,685 INFO: Angle: 178.616302 deg
2025-03-20 20:13:11,790 INFO: Angle: 178.339706 deg
2025-03-20 20:13:11,890 INFO: Angle: 178.822845 deg
2025-03-20 20:13:11,986 INFO: Angle: 178.043320 deg
2025-03-20 20:13:12,089 INFO: Angle: 178.806503 deg
2025-03-20 20:13:12,193 INFO: Angle: 179.177612 deg
2025-03-20 20:13:24,631 INFO: Angle: 10.619655 deg
2025-03-20 20:14:38,725 INFO: Angle: 77.275635 deg
2025-03-20 20:14:50,505 INFO: Angle: -178.069397 deg
2025-03-20 20:16:01,397 INFO: Angle: -146.768280 deg
2025-03-20 20:16:11,969 INFO: Angle: 91.999039 deg
2025-03-20 20:17:25,108 INFO: Angle: -8.188788 deg
2025-03-20 20:18:00,761 INFO: Angle: 163.651810 deg
2025-03-20 20:18:06,928 INFO: Angle: 140.257797 deg
2025-03-20 20:18:10,181 ERROR: QR Code detection error: OpenCV(4.11.0) /io/opencv/modules/imgproc/src/convhull.cpp:143: error: (-215:Assertion failed) total >= 0 && (depth == CV_32F || depth == CV_32S) in function 'convexHull'

2025-03-20 20:18:13,897 INFO: Angle: 161.565048 deg
2025-03-20 20:18:15,116 INFO: Angle: -126.253883 deg
2025-03-20 20:18:16,628 INFO: Angle: 36.869907 deg
2025-03-20 20:18:34,565 INFO: Angle: -179.194519 deg
2025-03-20 20:18:44,977 INFO: Angle: 19.230671 deg
2025-03-20 20:18:52,187 INFO: Angle: 24.227743 deg
2025-03-20 20:19:58,527 INFO: Angle: -49.763641 deg
2025-03-20 20:20:10,698 INFO: Angle: 19.746836 deg
2025-03-20 20:20:33,847 INFO: Angle: 160.016891 deg
2025-03-20 20:20:40,431 INFO: Angle: 0.000000 deg
2025-03-20 20:21:27,047 INFO: Angle: 77.471184 deg
2025-03-20 20:22:52,996 INFO: Angle: 13.023079 deg
2025-03-20 20:22:58,774 INFO: Angle: 171.253830 deg
2025-03-20 20:23:38,977 INFO: Angle: -10.539183 deg
2025-03-20 20:23:58,296 INFO: Angle: -87.207291 deg
2025-03-20 20:24:08,135 INFO: Angle: 176.729492 deg
2025-03-20 20:24:09,021 INFO: Angle: 16.389540 deg
2025-03-20 20:24:13,874 ERROR: QR Code detection error: OpenCV(4.11.0) /io/opencv/modules/imgproc/src/convhull.cpp:143: error: (-215:Assertion failed) total >= 0 && (depth == CV_32F || depth == CV_32S) in function 'convexHull'

2025-03-20 20:24:15,279 INFO: Angle: 175.111588 deg
2025-03-20 20:24:20,203 ERROR: QR Code detection error: OpenCV(4.11.0) /io/opencv/modules/imgproc/src/convhull.cpp:143: error: (-215:Assertion failed) total >= 0 && (depth == CV_32F || depth == CV_32S) in function 'convexHull'

2025-03-20 20:24:30,488 INFO: Angle: -166.827438 deg
2025-03-20 20:24:57,087 INFO: Angle: -175.914368 deg
2025-03-20 20:25:11,419 INFO: Angle: 45.000031 deg
2025-03-20 20:25:13,745 INFO: Angle: 176.338058 deg
2025-03-20 20:25:20,242 INFO: Angle: -1.332220 deg
2025-03-20 20:25:34,976 INFO: Angle: 75.465538 deg
2025-03-20 20:25:47,396 INFO: Angle: 11.309932 deg
2025-03-20 20:27:48,037 INFO: Angle: 104.036224 deg
2025-03-20 20:27:54,546 INFO: Angle: 100.963379 deg
2025-03-20 20:28:04,160 INFO: Angle: -64.653824 deg
2025-03-20 20:28:17,197 INFO: Angle: -93.012779 deg
2025-03-20 20:28:31,698 INFO: Angle: 79.215698 deg
2025-03-20 20:28:38,180 INFO: Angle: 55.304844 deg
2025-03-20 20:29:01,272 INFO: Angle: 61.927513 deg
2025-03-20 20:29:16,609 ERROR: QR Code detection error: OpenCV(4.11.0) /io/opencv/modules/imgproc/src/convhull.cpp:143: error: (-215:Assertion failed) total >= 0 && (depth == CV_32F || depth == CV_32S) in function 'convexHull'

2025-03-20 20:29:18,318 INFO: Angle: 171.339386 deg
2025-03-20 20:29:41,868 INFO: Angle: 153.434952 deg
2025-03-20 20:29:45,712 INFO: Angle: -167.195724 deg
2025-03-20 20:29:51,332 INFO: Angle: 138.971146 deg
2025-03-20 20:30:53,326 INFO: Angle: 63.434948 deg
2025-03-20 20:31:08,917 ERROR: QR Code detection error: OpenCV(4.11.0) /io/opencv/modules/imgproc/src/convhull.cpp:143: error: (-215:Assertion failed) total >= 0 && (depth == CV_32F || depth == CV_32S) in function 'convexHull'

2025-03-20 20:32:01,898 INFO: Angle: 0.000000 deg
2025-03-20 20:32:41,720 INFO: Angle: 23.805943 deg
2025-03-20 20:32:54,143 INFO: Angle: -47.489552 deg
2025-03-20 20:33:22,095 INFO: Angle: 42.997463 deg
2025-03-20 20:33:28,655 INFO: Angle: 158.749481 deg
2025-03-20 20:33:51,424 INFO: Angle: 172.375793 deg
2025-03-20 20:34:01,354 INFO: Angle: 161.565048 deg
2025-03-20 20:34:01,592 INFO: Angle: 60.642242 deg
2025-03-20 20:34:31,866 INFO: Angle: 57.264771 deg
2025-03-20 20:35:01,903 INFO: Angle: 122.943237 deg
2025-03-20 20:35:04,388 INFO: Angle: 14.080306 deg
2025-03-20 20:35:17,454 INFO: Angle: 69.863693 deg
2025-03-20 20:35:22,570 INFO: Angle: 176.698135 deg
2025-03-20 20:35:57,978 INFO: Angle: 41.987209 deg
2025-03-20 20:36:18,889 INFO: Angle: -53.768620 deg
2025-03-20 20:36:20,575 INFO: Angle: -22.409836 deg
2025-03-20 20:36:37,313 INFO: Angle: 140.789108 deg
2025-03-20 20:36:40,443 INFO: Angle: 138.848175 deg
2025-03-20 20:37:15,924 INFO: Angle: -137.121094 deg
2025-03-20 20:37:33,234 INFO: Angle: 180.000000 deg
2025-03-20 20:37:44,252 ERROR: QR Code detection error: OpenCV(4.11.0) /io/opencv/modules/imgproc/src/convhull.cpp:143: error: (-215:Assertion failed) total >= 0 && (depth == CV_32F || depth == CV_32S) in function 'convexHull'

2025-03-20 20:37:46,614 INFO: Angle: 74.666710 deg
2025-03-20 20:37:54,622 INFO: Angle: 6.340191 deg
2025-03-20 20:38:09,326 ERROR: QR Code detection error: OpenCV(4.11.0) /io/opencv/modules/imgproc/src/convhull.cpp:143: error: (-215:Assertion failed) total >= 0 && (depth == CV_32F || depth == CV_32S) in function 'convexHull'

2025-03-20 20:38:26,499 INFO: Angle: -146.309937 deg
2025-03-20 20:38:32,602 INFO: Angle: 74.054604 deg
2025-03-20 20:38:35,632 INFO: Angle: 175.720520 deg
2025-03-20 20:38:37,717 INFO: Angle: -20.556044 deg
2025-03-20 20:40:06,317 INFO: Angle: 167.743423 deg
2025-03-20 20:40:07,478 INFO: Angle: 88.743706 deg
2025-03-20 20:40:07,609 INFO: Angle: 88.698044 deg
2025-03-20 20:40:07,726 INFO: Angle: 88.444839 deg
2025-03-20 20:40:07,837 INFO: Angle: 87.397438 deg
2025-03-20 20:40:07,946 INFO: Angle: 88.967751 deg
2025-03-20 20:40:08,047 INFO: Angle: 88.377541 deg
2025-03-20 20:40:08,166 INFO: Angle: 88.177559 deg
2025-03-20 20:40:08,272 INFO: Angle: 88.953613 deg
2025-03-20 20:40:08,389 INFO: Angle: 88.667778 deg
2025-03-20 20:40:08,506 INFO: Angle: 87.878899 deg
2025-03-20 20:40:08,636 INFO: Angle: 88.126076 deg
2025-03-20 20:40:08,746 INFO: Angle: 88.358894 deg
2025-03-20 20:40:08,858 INFO: Angle: 87.524544 deg
2025-03-20 20:40:08,964 INFO: Angle: 88.655273 deg
2025-03-20 20:40:09,079 INFO: Angle: 88.335915 deg
2025-03-20 20:40:09,183 INFO: Angle: 88.348633 deg
2025-03-20 20:40:09,297 INFO: Angle: 89.423363 deg
2025-03-20 20:40:09,592 INFO: Angle: 88.859932 deg
2025-03-20 20:40:09,905 INFO: Angle: 1.621146 deg
2025-03-20 20:40:10,071 INFO: Angle: -178.648926 deg
2025-03-20 20:40:10,234 INFO: Angle: 90.000000 deg
2025-03-20 20:40:10,336 INFO: Angle: -0.806929 deg
2025-03-20 20:40:10,573 INFO: Angle: 90.298401 deg
2025-03-20 20:40:10,740 INFO: Angle: 89.123093 deg
2025-03-20 20:40:10,894 INFO: Angle: 90.000000 deg
2025-03-20 20:40:11,373 INFO: Angle: 89.681694 deg
2025-03-20 20:40:11,953 INFO: Angle: -178.636063 deg
2025-03-20 20:40:12,081 INFO: Angle: 90.449837 deg
2025-03-20 20:40:12,416 INFO: Angle: 89.503654 deg
2025-03-20 20:40:12,519 INFO: Angle: 91.023026 deg
2025-03-20 20:40:12,626 INFO: Angle: 90.281075 deg
2025-03-20 20:40:12,724 INFO: Angle: 90.770744 deg
2025-03-20 20:40:12,839 INFO: Angle: 90.511551 deg
2025-03-20 20:40:12,954 INFO: Angle: 90.000000 deg
2025-03-20 20:40:13,070 INFO: Angle: 89.747597 deg
2025-03-20 20:40:13,181 INFO: Angle: 90.253517 deg
2025-03-20 20:40:13,327 INFO: Angle: 91.267792 deg
2025-03-20 20:40:13,519 INFO: Angle: 90.511551 deg
2025-03-20 20:40:13,615 INFO: Angle: 91.290222 deg
2025-03-20 20:40:13,718 INFO: Angle: 91.032234 deg
2025-03-20 20:40:13,821 INFO: Angle: 90.026474 deg
2025-03-20 20:40:13,920 INFO: Angle: 90.766945 deg
2025-03-20 20:40:14,018 INFO: Angle: 90.542305 deg
2025-03-20 20:40:14,116 INFO: Angle: 91.576538 deg
2025-03-20 20:40:14,221 INFO: Angle: 91.711342 deg
2025-03-20 20:40:14,334 INFO: Angle: 91.041985 deg
2025-03-20 20:40:14,431 INFO: Angle: 91.804626 deg
2025-03-20 20:40:14,526 INFO: Angle: 89.004288 deg
2025-03-20 20:40:51,574 INFO: Angle: 164.109833 deg
2025-03-20 20:41:07,843 INFO: Angle: 41.682217 deg
2025-03-20 20:41:15,937 INFO: Angle: 23.061518 deg
2025-03-20 20:41:47,812 INFO: Angle: 91.511688 deg
2025-03-20 20:41:57,665 INFO: Angle: -158.614471 deg
2025-03-20 20:42:03,438 INFO: Angle: 173.806076 deg
2025-03-20 20:42:43,168 INFO: Angle: -16.847198 deg
2025-03-20 20:42:49,580 INFO: Angle: -175.601303 deg
2025-03-20 20:43:05,517 INFO: Angle: -138.576340 deg
2025-03-20 20:43:09,300 INFO: Angle: 81.158180 deg
2025-03-20 20:43:18,189 INFO: Angle: 37.568592 deg
2025-03-20 20:43:30,910 INFO: Angle: 86.325493 deg
2025-03-20 20:43:32,999 INFO: Angle: 57.528801 deg
2025-03-20 20:44:10,169 INFO: Angle: 0.000000 deg
2025-03-20 20:44:51,424 INFO: Angle: -110.598167 deg
2025-03-20 20:44:59,994 INFO: Angle: 65.772255 deg
2025-03-20 20:45:02,817 INFO: Angle: 53.404705 deg
2025-03-20 20:45:36,359 INFO: Angle: 173.516922 deg
2025-03-20 20:45:56,090 INFO: Angle: 17.783888 deg
2025-03-20 20:46:37,964 INFO: Angle: 95.558075 deg
2025-03-20 20:46:38,176 ERROR: QR Code detection error: OpenCV(4.11.0) /io/opencv/modules/imgproc/src/convhull.cpp:143: error: (-215:Assertion failed) total >= 0 && (depth == CV_32F || depth == CV_32S) in function 'convexHull'

2025-03-20 20:47:00,641 INFO: Angle: -162.181091 deg
2025-03-20 20:47:12,332 INFO: Angle: 67.520561 deg
2025-03-20 20:47:26,195 INFO: Angle: -110.556038 deg
2025-03-20 20:48:05,123 INFO: Angle: -135.000000 deg
2025-03-20 20:48:20,751 INFO: Angle: -167.905228 deg
2025-03-20 20:49:01,361 INFO: Angle: 124.992020 deg
2025-03-20 20:49:13,694 INFO: Angle: 5.906141 deg
2025-03-20 20:49:34,734 ERROR: QR Code detection error: OpenCV(4.11.0) /io/opencv/modules/imgproc/src/convhull.cpp:143: error: (-215:Assertion failed) total >= 0 && (depth == CV_32F || depth == CV_32S) in function 'convexHull'

2025-03-20 20:49:48,632 INFO: Angle: 50.599335 deg
2025-03-20 20:49:59,458 INFO: Angle: -29.678488 deg
2025-03-20 20:49:59,636 INFO: Angle: 25.167868 deg
2025-03-20 20:49:59,746 INFO: Angle: 91.917130 deg
2025-03-20 20:50:00,337 INFO: Angle: -0.261912 deg
2025-03-20 20:50:00,656 INFO: Angle: 91.531601 deg
2025-03-20 20:50:00,760 INFO: Angle: 92.699524 deg
2025-03-20 20:50:01,057 INFO: Angle: 93.369492 deg
2025-03-20 20:50:01,176 INFO: Angle: 93.778191 deg
2025-03-20 20:50:01,305 INFO: Angle: 93.578041 deg
2025-03-20 20:50:01,481 INFO: Angle: 93.804779 deg
2025-03-20 20:50:01,621 INFO: Angle: 94.192581 deg
2025-03-20 20:50:01,716 INFO: Angle: 93.850296 deg
2025-03-20 20:50:01,813 INFO: Angle: 93.796043 deg
2025-03-20 20:50:01,908 INFO: Angle: 93.702530 deg
2025-03-20 20:50:02,007 INFO: Angle: 93.202599 deg
2025-03-20 20:50:02,104 INFO: Angle: 92.768867 deg
2025-03-20 20:50:02,201 INFO: Angle: 92.484673 deg
2025-03-20 20:50:02,300 INFO: Angle: 92.716957 deg
2025-03-20 20:50:02,396 INFO: Angle: 93.445297 deg
2025-03-20 20:50:02,501 INFO: Angle: 93.291794 deg
2025-03-20 20:50:02,600 INFO: Angle: 93.587227 deg
2025-03-20 20:50:02,707 INFO: Angle: 92.998459 deg
2025-03-20 20:50:02,805 INFO: Angle: 93.339432 deg
2025-03-20 20:50:02,912 INFO: Angle: 93.012779 deg
2025-03-20 20:50:03,012 INFO: Angle: 93.027237 deg
2025-03-20 20:50:03,120 INFO: Angle: 93.433403 deg
2025-03-20 20:50:03,218 INFO: Angle: 93.286095 deg
2025-03-20 20:50:03,317 INFO: Angle: 93.850632 deg
2025-03-20 20:50:03,415 INFO: Angle: 93.317772 deg
2025-03-20 20:50:03,512 INFO: Angle: 93.027237 deg
2025-03-20 20:50:03,610 INFO: Angle: 93.171417 deg
2025-03-20 20:50:03,711 INFO: Angle: 93.619408 deg
2025-03-20 20:50:03,811 INFO: Angle: 93.270485 deg
2025-03-20 20:50:03,907 INFO: Angle: 92.994324 deg
2025-03-20 20:50:04,100 INFO: Angle: 93.249878 deg
2025-03-20 20:50:04,200 INFO: Angle: 93.286095 deg
2025-03-20 20:50:04,301 INFO: Angle: 93.286095 deg
2025-03-20 20:50:04,403 INFO: Angle: 93.270485 deg
2025-03-20 20:50:04,507 INFO: Angle: 93.301865 deg
2025-03-20 20:50:04,608 INFO: Angle: 93.559258 deg
2025-03-20 20:50:04,718 INFO: Angle: 92.752480 deg
2025-03-20 20:50:04,817 INFO: Angle: 93.576324 deg
2025-03-20 20:50:04,913 INFO: Angle: 93.576324 deg
2025-03-20 20:50:05,010 INFO: Angle: 92.528069 deg
2025-03-20 20:50:05,109 INFO: Angle: 93.746361 deg
2025-03-20 20:50:05,210 INFO: Angle: 92.472946 deg
2025-03-20 20:50:05,311 INFO: Angle: 93.301857 deg
2025-03-20 20:50:05,405 INFO: Angle: 93.825806 deg
2025-03-20 20:50:05,506 INFO: Angle: 93.028183 deg
2025-03-20 20:50:05,612 INFO: Angle: 93.576324 deg
2025-03-20 20:50:05,708 INFO: Angle: 93.774124 deg
2025-03-20 20:50:05,805 INFO: Angle: 93.056572 deg
2025-03-20 20:50:05,902 INFO: Angle: 93.100700 deg
2025-03-20 20:50:06,002 INFO: Angle: 93.726921 deg
2025-03-20 20:50:06,098 INFO: Angle: 94.108910 deg
2025-03-20 20:50:06,194 INFO: Angle: 94.320938 deg
2025-03-20 20:50:06,291 INFO: Angle: 93.632797 deg
2025-03-20 20:50:06,389 INFO: Angle: 93.628525 deg
2025-03-20 20:50:06,590 INFO: Angle: -151.504349 deg
2025-03-20 20:50:06,753 INFO: Angle: -178.090836 deg
2025-03-20 20:50:09,060 INFO: Angle: 93.756447 deg
2025-03-20 20:50:09,164 INFO: Angle: 93.718987 deg
2025-03-20 20:50:09,277 INFO: Angle: 93.700539 deg
2025-03-20 20:50:09,379 INFO: Angle: 93.149590 deg
2025-03-20 20:50:09,476 INFO: Angle: 93.086784 deg
2025-03-20 20:50:09,576 INFO: Angle: 93.666710 deg
2025-03-20 20:50:09,719 INFO: Angle: 93.700539 deg
2025-03-20 20:50:09,820 INFO: Angle: 94.267891 deg
2025-03-20 20:50:09,917 INFO: Angle: 94.267891 deg
2025-03-20 20:50:10,011 INFO: Angle: 94.610565 deg
2025-03-20 20:50:10,105 INFO: Angle: 94.834396 deg
2025-03-20 20:50:10,196 INFO: Angle: 95.092110 deg
2025-03-20 20:50:10,304 INFO: Angle: 94.810585 deg
2025-03-20 20:50:10,430 INFO: Angle: 94.551254 deg
2025-03-20 20:50:10,544 INFO: Angle: 94.246841 deg
2025-03-20 20:50:10,701 INFO: Angle: 94.120026 deg
2025-03-20 20:50:10,882 INFO: Angle: 94.182098 deg
2025-03-20 20:50:10,973 INFO: Angle: 95.271362 deg
2025-03-20 20:50:11,062 INFO: Angle: 94.763641 deg
2025-03-20 20:50:11,152 INFO: Angle: 94.740501 deg
2025-03-20 20:50:11,263 INFO: Angle: 94.766556 deg
2025-03-20 20:50:11,360 INFO: Angle: 94.684723 deg
2025-03-20 20:50:11,458 INFO: Angle: 94.647614 deg
2025-03-20 20:50:11,552 INFO: Angle: 93.919334 deg
2025-03-20 20:50:11,642 INFO: Angle: 94.184906 deg
2025-03-20 20:50:12,469 INFO: Angle: -9.144771 deg
2025-03-20 20:50:12,659 INFO: Angle: 95.612160 deg
2025-03-20 20:50:12,755 INFO: Angle: 94.188805 deg
2025-03-20 20:50:12,854 INFO: Angle: -155.772247 deg
2025-03-20 20:50:12,957 INFO: Angle: -127.431595 deg
2025-03-20 20:50:13,063 INFO: Angle: 93.676781 deg
2025-03-20 20:50:13,164 INFO: Angle: -102.619316 deg
2025-03-20 20:50:13,267 INFO: Angle: 93.886398 deg
2025-03-20 20:50:13,367 INFO: Angle: 4.011852 deg
2025-03-20 20:50:13,470 INFO: Angle: -102.890480 deg
2025-03-20 20:50:13,622 INFO: Angle: 94.277351 deg
2025-03-20 20:50:13,721 INFO: Angle: 94.502998 deg
2025-03-20 20:50:13,823 INFO: Angle: 94.370453 deg
2025-03-20 20:50:13,924 INFO: Angle: 93.341080 deg
2025-03-20 20:50:14,242 INFO: Angle: 145.222168 deg
2025-03-20 20:50:14,844 INFO: Angle: 91.847603 deg
2025-03-20 20:50:16,830 INFO: Angle: 90.799408 deg
2025-03-20 20:50:16,942 INFO: Angle: 92.626396 deg
2025-03-20 20:50:17,046 INFO: Angle: 93.771088 deg
2025-03-20 20:50:17,144 INFO: Angle: 92.713402 deg
2025-03-20 20:50:17,243 INFO: Angle: 92.201599 deg
2025-03-20 20:50:17,340 INFO: Angle: 92.739326 deg
2025-03-20 20:50:17,474 INFO: Angle: 92.739326 deg
2025-03-20 20:50:17,575 INFO: Angle: 92.765755 deg
2025-03-20 20:50:17,682 INFO: Angle: 92.202591 deg
2025-03-20 20:50:17,788 INFO: Angle: 92.216469 deg
2025-03-20 20:50:17,889 INFO: Angle: 93.324677 deg
2025-03-20 20:50:17,998 INFO: Angle: 92.466530 deg
2025-03-20 20:50:18,099 INFO: Angle: 92.438141 deg
2025-03-20 20:50:18,193 INFO: Angle: 92.199806 deg
2025-03-20 20:50:18,300 INFO: Angle: 92.058426 deg
2025-03-20 20:50:18,394 INFO: Angle: 92.228844 deg
2025-03-20 20:50:18,498 INFO: Angle: 92.782707 deg
2025-03-20 20:50:18,595 INFO: Angle: 92.454025 deg
2025-03-20 20:50:18,710 INFO: Angle: 92.599854 deg
2025-03-20 20:50:18,813 INFO: Angle: 92.217873 deg
2025-03-20 20:50:18,917 INFO: Angle: 92.321609 deg
2025-03-20 20:50:19,016 INFO: Angle: 92.536240 deg
2025-03-20 20:50:19,123 INFO: Angle: 92.788452 deg
2025-03-20 20:50:19,233 INFO: Angle: 92.306458 deg
2025-03-20 20:50:19,353 INFO: Angle: 93.058556 deg
2025-03-20 20:50:19,461 INFO: Angle: 92.739326 deg
2025-03-20 20:50:19,576 INFO: Angle: 91.891144 deg
2025-03-20 20:50:19,683 INFO: Angle: 92.197571 deg
2025-03-20 20:50:19,797 INFO: Angle: 91.408112 deg
2025-03-20 20:50:19,907 INFO: Angle: 90.308861 deg
2025-03-20 20:50:20,021 INFO: Angle: 92.223953 deg
2025-03-20 20:50:20,119 INFO: Angle: 92.903610 deg
2025-03-20 20:50:20,220 INFO: Angle: 92.636368 deg
2025-03-20 20:50:20,318 INFO: Angle: 92.661697 deg
2025-03-20 20:50:20,424 INFO: Angle: 92.489548 deg
2025-03-20 20:50:20,528 INFO: Angle: 91.946190 deg
2025-03-20 20:50:20,668 INFO: Angle: 92.602341 deg
2025-03-20 20:50:20,765 INFO: Angle: 92.489548 deg
2025-03-20 20:50:21,746 INFO: Angle: 92.707901 deg
2025-03-20 20:50:21,992 INFO: Angle: -51.065212 deg
2025-03-20 20:50:22,093 INFO: Angle: 92.256790 deg
2025-03-20 20:50:22,194 INFO: Angle: 91.395164 deg
2025-03-20 20:50:22,295 INFO: Angle: 91.684677 deg
2025-03-20 20:50:22,389 INFO: Angle: 91.841286 deg
2025-03-20 20:50:22,529 INFO: Angle: 91.720200 deg
2025-03-20 20:50:22,639 INFO: Angle: 91.438416 deg
2025-03-20 20:50:22,788 INFO: Angle: 91.577431 deg
2025-03-20 20:50:22,954 INFO: Angle: 91.974930 deg
2025-03-20 20:50:23,053 INFO: Angle: 92.043839 deg
2025-03-20 20:50:23,153 INFO: Angle: 92.067955 deg
2025-03-20 20:50:23,259 INFO: Angle: 91.965256 deg
2025-03-20 20:50:23,361 INFO: Angle: 91.507332 deg
2025-03-20 20:50:23,459 INFO: Angle: 92.484810 deg
2025-03-20 20:50:23,560 INFO: Angle: 92.464645 deg
2025-03-20 20:50:23,657 INFO: Angle: 91.424530 deg
2025-03-20 20:50:23,752 INFO: Angle: 92.245735 deg
2025-03-20 20:50:23,849 INFO: Angle: 91.991783 deg
2025-03-20 20:50:23,950 INFO: Angle: 91.709808 deg
2025-03-20 20:50:24,051 INFO: Angle: 92.370644 deg
2025-03-20 20:50:24,148 INFO: Angle: 92.779160 deg
2025-03-20 20:50:24,249 INFO: Angle: 91.762390 deg
2025-03-20 20:50:24,346 INFO: Angle: 91.347878 deg
2025-03-20 20:50:24,446 INFO: Angle: 91.173309 deg
2025-03-20 20:50:24,544 INFO: Angle: 90.801285 deg
2025-03-20 20:50:24,642 INFO: Angle: 90.567360 deg
2025-03-20 20:50:24,746 INFO: Angle: 90.857224 deg
2025-03-20 20:50:24,855 INFO: Angle: 90.574921 deg
2025-03-20 20:50:24,959 INFO: Angle: 91.128830 deg
2025-03-20 20:50:25,063 INFO: Angle: 90.784813 deg
2025-03-20 20:50:25,161 INFO: Angle: 90.389755 deg
2025-03-20 20:50:25,256 INFO: Angle: 91.410934 deg
2025-03-20 20:50:25,362 INFO: Angle: 91.686783 deg
2025-03-20 20:50:25,460 INFO: Angle: 90.788643 deg
2025-03-20 20:50:25,570 INFO: Angle: 90.857941 deg
2025-03-20 20:50:25,665 INFO: Angle: 90.788689 deg
2025-03-20 20:50:25,762 INFO: Angle: 91.143410 deg
2025-03-20 20:50:25,863 INFO: Angle: 91.798294 deg
2025-03-20 20:50:25,963 INFO: Angle: 91.594238 deg
2025-03-20 20:50:26,074 INFO: Angle: 91.703026 deg
2025-03-20 20:50:26,171 INFO: Angle: 95.128189 deg
2025-03-20 20:50:26,270 INFO: Angle: 91.130692 deg
2025-03-20 20:50:26,367 INFO: Angle: 90.868561 deg
2025-03-20 20:50:26,465 INFO: Angle: 91.728172 deg
2025-03-20 20:50:26,565 INFO: Angle: 91.145760 deg
2025-03-20 20:50:26,688 INFO: Angle: 91.096550 deg
2025-03-20 20:50:26,785 INFO: Angle: 91.135902 deg
2025-03-20 20:50:26,889 INFO: Angle: 91.701347 deg
2025-03-20 20:50:27,034 INFO: Angle: 91.152428 deg
2025-03-20 20:50:27,129 INFO: Angle: 91.737160 deg
2025-03-20 20:50:27,239 INFO: Angle: 91.961823 deg
2025-03-20 20:50:27,336 INFO: Angle: 91.428940 deg
2025-03-20 20:50:27,433 INFO: Angle: 92.000847 deg
2025-03-20 20:50:27,533 INFO: Angle: 91.718201 deg
2025-03-20 20:50:27,633 INFO: Angle: 91.690506 deg
2025-03-20 20:50:27,732 INFO: Angle: 91.591125 deg
2025-03-20 20:50:27,830 INFO: Angle: 91.580170 deg
2025-03-20 20:50:27,929 INFO: Angle: 91.692970 deg
2025-03-20 20:50:28,030 INFO: Angle: 91.424965 deg
2025-03-20 20:50:28,184 INFO: Angle: 92.435020 deg
2025-03-20 20:50:28,288 INFO: Angle: 91.723709 deg
2025-03-20 20:50:28,428 INFO: Angle: 91.714996 deg
2025-03-20 20:50:28,558 INFO: Angle: 91.444283 deg
2025-03-20 20:50:28,686 INFO: Angle: 91.418610 deg
2025-03-20 20:50:28,803 INFO: Angle: 91.709808 deg
2025-03-20 20:50:29,071 INFO: Angle: 91.732674 deg
2025-03-20 20:50:29,162 INFO: Angle: 92.378830 deg
2025-03-20 20:50:29,263 INFO: Angle: 90.582024 deg
2025-03-20 20:50:29,402 INFO: Angle: 92.341087 deg
2025-03-20 20:50:29,501 INFO: Angle: 92.298370 deg
2025-03-20 20:50:29,601 INFO: Angle: 91.765114 deg
2025-03-20 20:50:29,840 INFO: Angle: 91.225380 deg
2025-03-20 20:50:29,939 INFO: Angle: 91.877151 deg
2025-03-20 20:50:30,033 INFO: Angle: 91.718353 deg
2025-03-20 20:50:30,163 INFO: Angle: 91.165375 deg
2025-03-20 20:50:30,254 INFO: Angle: 92.004532 deg
2025-03-20 20:50:30,348 INFO: Angle: 91.956177 deg
2025-03-20 20:50:30,436 INFO: Angle: 91.179314 deg
2025-03-20 20:50:30,535 INFO: Angle: 92.024857 deg
2025-03-20 20:50:30,643 INFO: Angle: 92.750504 deg
2025-03-20 20:50:30,819 INFO: Angle: 92.313713 deg
2025-03-20 20:50:30,997 INFO: Angle: 90.863678 deg
2025-03-20 20:50:31,095 INFO: Angle: 92.290604 deg
2025-03-20 20:50:31,492 INFO: Angle: 93.195930 deg
2025-03-20 20:50:32,150 INFO: Angle: 100.023178 deg
2025-03-20 20:50:32,266 INFO: Angle: 90.298409 deg
2025-03-20 20:50:32,613 INFO: Angle: 91.762383 deg
2025-03-20 20:50:33,086 INFO: Angle: 166.865967 deg
